Thu Nov  7 11:54:26 2024: Host host1 opened
Thu Nov  7 11:55:43 2024: vol2: volume opened
Thu Nov  7 11:56:06 2024: charlie-work-usb-2009-12-11.E01-1-2068479: Directory listing of C:/ (5)
Thu Nov  7 11:56:19 2024: charlie-work-usb-2009-12-11.E01-1-2068479: Displaying file system details
Thu Nov  7 12:10:09 2024: vol2: volume opened
Thu Nov  7 12:10:17 2024: charlie-work-usb-2009-12-11.E01-1-2068479: Directory listing of C:/ (5)
Thu Nov  7 12:10:37 2024: charlie-work-usb-2009-12-11.E01-1-2068479: Listing all deleted files
Thu Nov  7 12:11:18 2024: vol2: Finding meta data address for 
Thu Nov  7 12:11:18 2024: charlie-work-usb-2009-12-11.E01-1-2068479: Directory listing of C:/ (5)
Thu Nov  7 12:11:23 2024: charlie-work-usb-2009-12-11.E01-1-2068479: Listing all deleted files
Thu Nov  7 12:12:47 2024: vol2: List of all directories
Thu Nov  7 12:12:47 2024: charlie-work-usb-2009-12-11.E01-1-2068479: Directory listing of C:/ (5)
Thu Nov  7 12:12:58 2024: charlie-work-usb-2009-12-11.E01-1-2068479: ASCII, Unicode, search for timestamps
Thu Nov  7 12:13:28 2024: charlie-work-usb-2009-12-11.E01-1-2068479: Displaying file system details
Thu Nov  7 12:15:18 2024: charlie-work-usb-2009-12-11.E01-1-2068479: Directory listing of C:/ (5)
Thu Nov  7 12:15:31 2024: charlie-work-usb-2009-12-11.E01-1-2068479: Listing all deleted files
Thu Nov  7 12:17:21 2024: charlie-work-usb-2009-12-11.E01-1-2068479: Listing all files with exe
Thu Nov  7 12:17:24 2024: charlie-work-usb-2009-12-11.E01-1-2068479: Directory listing of C:/ (5)
Thu Nov  7 12:17:35 2024: charlie-work-usb-2009-12-11.E01-1-2068479: Directory listing of C:/ (5)
Thu Nov  7 12:17:36 2024: charlie-work-usb-2009-12-11.E01-1-2068479: Directory listing of C:/ (5)
Thu Nov  7 12:17:39 2024: charlie-work-usb-2009-12-11.E01-1-2068479: Listing all files with exe
