Volatility 3 Framework 2.11.0

Unsatisfied requirement plugins.Info.kernel.symbol_table_name: 

A symbol table requirement was not fulfilled.  Please verify that:
	The associated translation layer requirement was fulfilled
	You have the correct symbol file for the requirement
	The symbol file is under the correct directory or zip file
	The symbol file is named appropriately or contains the correct banner


Volatility 3 Framework 2.11.0

Unsatisfied requirement plugins.PsList.kernel.symbol_table_name: 

A symbol table requirement was not fulfilled.  Please verify that:
	The associated translation layer requirement was fulfilled
	You have the correct symbol file for the requirement
	The symbol file is under the correct directory or zip file
	The symbol file is named appropriately or contains the correct banner


Volatility 3 Framework 2.11.0

Unsatisfied requirement plugins.PsTree.kernel.symbol_table_name: 

A symbol table requirement was not fulfilled.  Please verify that:
	The associated translation layer requirement was fulfilled
	You have the correct symbol file for the requirement
	The symbol file is under the correct directory or zip file
	The symbol file is named appropriately or contains the correct banner


Volatility 3 Framework 2.11.0

Unsatisfied requirement plugins.DllList.kernel.symbol_table_name: 

A symbol table requirement was not fulfilled.  Please verify that:
	The associated translation layer requirement was fulfilled
	You have the correct symbol file for the requirement
	The symbol file is under the correct directory or zip file
	The symbol file is named appropriately or contains the correct banner


Volatility 3 Framework 2.11.0

Unsatisfied requirement plugins.Modules.kernel.symbol_table_name: 

A symbol table requirement was not fulfilled.  Please verify that:
	The associated translation layer requirement was fulfilled
	You have the correct symbol file for the requirement
	The symbol file is under the correct directory or zip file
	The symbol file is named appropriately or contains the correct banner


Volatility 3 Framework 2.11.0

Unsatisfied requirement plugins.NetScan.kernel.symbol_table_name: 

A symbol table requirement was not fulfilled.  Please verify that:
	The associated translation layer requirement was fulfilled
	You have the correct symbol file for the requirement
	The symbol file is under the correct directory or zip file
	The symbol file is named appropriately or contains the correct banner


Volatility 3 Framework 2.11.0

Unsatisfied requirement plugins.Handles.kernel.symbol_table_name: 

A symbol table requirement was not fulfilled.  Please verify that:
	The associated translation layer requirement was fulfilled
	You have the correct symbol file for the requirement
	The symbol file is under the correct directory or zip file
	The symbol file is named appropriately or contains the correct banner


Volatility 3 Framework 2.11.0

Volatility 3 Framework 2.11.0

Unsatisfied requirement plugins.CmdLine.kernel.symbol_table_name: 

A symbol table requirement was not fulfilled.  Please verify that:
	The associated translation layer requirement was fulfilled
	You have the correct symbol file for the requirement
	The symbol file is under the correct directory or zip file
	The symbol file is named appropriately or contains the correct banner


Volatility 3 Framework 2.11.0

Unsatisfied requirement plugins.FileScan.kernel.symbol_table_name: 

A symbol table requirement was not fulfilled.  Please verify that:
	The associated translation layer requirement was fulfilled
	You have the correct symbol file for the requirement
	The symbol file is under the correct directory or zip file
	The symbol file is named appropriately or contains the correct banner


Volatility 3 Framework 2.11.0

Unsatisfied requirement plugins.HiveList.kernel.symbol_table_name: 

A symbol table requirement was not fulfilled.  Please verify that:
	The associated translation layer requirement was fulfilled
	You have the correct symbol file for the requirement
	The symbol file is under the correct directory or zip file
	The symbol file is named appropriately or contains the correct banner


Volatility 3 Framework 2.11.0

Unsatisfied requirement plugins.DriverIrp.kernel.symbol_table_name: 

A symbol table requirement was not fulfilled.  Please verify that:
	The associated translation layer requirement was fulfilled
	You have the correct symbol file for the requirement
	The symbol file is under the correct directory or zip file
	The symbol file is named appropriately or contains the correct banner


Volatility 3 Framework 2.11.0

Unsatisfied requirement plugins.Malfind.kernel.symbol_table_name: 

A symbol table requirement was not fulfilled.  Please verify that:
	The associated translation layer requirement was fulfilled
	You have the correct symbol file for the requirement
	The symbol file is under the correct directory or zip file
	The symbol file is named appropriately or contains the correct banner


Volatility 3 Framework 2.11.0

Volatility 3 Framework 2.11.0

Unsatisfied requirement plugins.BigPools.kernel.symbol_table_name: 

A symbol table requirement was not fulfilled.  Please verify that:
	The associated translation layer requirement was fulfilled
	You have the correct symbol file for the requirement
	The symbol file is under the correct directory or zip file
	The symbol file is named appropriately or contains the correct banner


Volatility 3 Framework 2.11.0

Volatility 3 Framework 2.11.0

Unsatisfied requirement plugins.GetServiceSIDs.kernel.symbol_table_name: 

A symbol table requirement was not fulfilled.  Please verify that:
	The associated translation layer requirement was fulfilled
	You have the correct symbol file for the requirement
	The symbol file is under the correct directory or zip file
	The symbol file is named appropriately or contains the correct banner


Volatility 3 Framework 2.11.0

Volatility 3 Framework 2.11.0

Volatility 3 Framework 2.11.0

Unsatisfied requirement plugins.Threads.kernel.symbol_table_name: 

A symbol table requirement was not fulfilled.  Please verify that:
	The associated translation layer requirement was fulfilled
	You have the correct symbol file for the requirement
	The symbol file is under the correct directory or zip file
	The symbol file is named appropriately or contains the correct banner


Volatility 3 Framework 2.11.0

Unsatisfied requirement plugins.Envars.kernel.symbol_table_name: 

A symbol table requirement was not fulfilled.  Please verify that:
	The associated translation layer requirement was fulfilled
	You have the correct symbol file for the requirement
	The symbol file is under the correct directory or zip file
	The symbol file is named appropriately or contains the correct banner


